c:\users\curph\onedrive\documents\3d cube\cgstemplate\x64\release\vc143.pdb
c:\users\curph\onedrive\documents\3d cube\cgstemplate\x64\release\texture.obj
c:\users\curph\onedrive\documents\3d cube\cgstemplate\x64\release\imgui_impl_sw.obj
c:\users\curph\onedrive\documents\3d cube\cgstemplate\x64\release\imgui_impl_win32.obj
c:\users\curph\onedrive\documents\3d cube\cgstemplate\x64\release\imgui_widgets.obj
c:\users\curph\onedrive\documents\3d cube\cgstemplate\x64\release\imgui_tables.obj
c:\users\curph\onedrive\documents\3d cube\cgstemplate\x64\release\imgui_draw.obj
c:\users\curph\onedrive\documents\3d cube\cgstemplate\x64\release\imgui.obj
c:\users\curph\onedrive\documents\3d cube\cgstemplate\x64\release\xtime.obj
c:\users\curph\onedrive\documents\3d cube\cgstemplate\x64\release\rastersurface.obj
c:\users\curph\onedrive\documents\3d cube\cgstemplate\x64\release\main.obj
c:\users\curph\onedrive\documents\3d cube\x64\release\cgstemplate.exe
c:\users\curph\onedrive\documents\3d cube\x64\release\cgstemplate.pdb
c:\users\curph\onedrive\documents\3d cube\cgstemplate\x64\release\cgstemplate.ipdb
c:\users\curph\onedrive\documents\3d cube\cgstemplate\x64\release\cgstemplate.iobj
c:\users\curph\onedrive\documents\3d cube\cgstemplate\x64\release\cgstemplate.tlog\cl.command.1.tlog
c:\users\curph\onedrive\documents\3d cube\cgstemplate\x64\release\cgstemplate.tlog\cl.items.tlog
c:\users\curph\onedrive\documents\3d cube\cgstemplate\x64\release\cgstemplate.tlog\cl.read.1.tlog
c:\users\curph\onedrive\documents\3d cube\cgstemplate\x64\release\cgstemplate.tlog\cl.write.1.tlog
c:\users\curph\onedrive\documents\3d cube\cgstemplate\x64\release\cgstemplate.tlog\link.command.1.tlog
c:\users\curph\onedrive\documents\3d cube\cgstemplate\x64\release\cgstemplate.tlog\link.read.1.tlog
c:\users\curph\onedrive\documents\3d cube\cgstemplate\x64\release\cgstemplate.tlog\link.secondary.1.tlog
c:\users\curph\onedrive\documents\3d cube\cgstemplate\x64\release\cgstemplate.tlog\link.write.1.tlog
